<?xml version="1.0" encoding="UTF-8"?>
<testng-results skipped="0" failed="0" ignored="0" total="1" passed="1">
  <reporter-output>
  </reporter-output>
  <suite name="Default suite" duration-ms="2658" started-at="2021-03-08T17:17:55 EST" finished-at="2021-03-08T17:17:58 EST">
    <groups>
    </groups>
    <test name="Default test" duration-ms="2658" started-at="2021-03-08T17:17:55 EST" finished-at="2021-03-08T17:17:58 EST">
      <class name="tests.XMLSchemaValidation">
        <test-method status="PASS" signature="schemaValidation()[pri:0, instance:tests.XMLSchemaValidation@48503868]" name="schemaValidation" duration-ms="2618" started-at="2021-03-08T17:17:56 EST" finished-at="2021-03-08T17:17:58 EST">
          <reporter-output>
          </reporter-output>
        </test-method> <!-- schemaValidation -->
      </class> <!-- tests.XMLSchemaValidation -->
    </test> <!-- Default test -->
  </suite> <!-- Default suite -->
</testng-results>
